<?xml version="1.0" encoding="UTF-8"?>
<testng-results ignored="3" total="7" passed="4" failed="0" skipped="0">
  <reporter-output>
  </reporter-output>
  <suite started-at="2023-06-21T15:38:43 IST" name="Suite" finished-at="2023-06-21T15:39:03 IST" duration-ms="19403">
    <groups>
    </groups>
    <test started-at="2023-06-21T15:38:43 IST" name="Test" finished-at="2023-06-21T15:39:03 IST" duration-ms="19403">
      <class name="testcases.Logout">
        <test-method signature="logout()[pri:4, instance:testcases.Logout@4f83df68]" started-at="2023-06-21T15:39:00 IST" name="logout" finished-at="2023-06-21T15:39:00 IST" duration-ms="100" status="PASS">
          <reporter-output>
          </reporter-output>
        </test-method> <!-- logout -->
      </class> <!-- testcases.Logout -->
      <class name="testcases.Login">
        <test-method is-config="true" signature="setUp()[pri:0, instance:testcases.Login@77fbd92c]" started-at="2023-06-21T15:38:43 IST" name="setUp" finished-at="2023-06-21T15:38:43 IST" duration-ms="424" status="PASS">
          <reporter-output>
          </reporter-output>
        </test-method> <!-- setUp -->
        <test-method is-config="true" signature="initDriver()[pri:0, instance:testcases.Login@77fbd92c]" started-at="2023-06-21T15:38:43 IST" name="initDriver" finished-at="2023-06-21T15:38:47 IST" duration-ms="3723" status="PASS">
          <reporter-output>
          </reporter-output>
        </test-method> <!-- initDriver -->
        <test-method signature="openLogionPage()[pri:1, instance:testcases.Login@77fbd92c]" started-at="2023-06-21T15:38:47 IST" name="openLogionPage" finished-at="2023-06-21T15:38:51 IST" duration-ms="3766" status="PASS">
          <reporter-output>
          </reporter-output>
        </test-method> <!-- openLogionPage -->
        <test-method signature="login_with_credentials()[pri:2, instance:testcases.Login@77fbd92c]" started-at="2023-06-21T15:38:53 IST" name="login_with_credentials" finished-at="2023-06-21T15:38:53 IST" duration-ms="497" status="PASS">
          <reporter-output>
          </reporter-output>
        </test-method> <!-- login_with_credentials -->
        <test-method is-config="true" signature="tearDown()[pri:0, instance:testcases.Login@77fbd92c]" started-at="2023-06-21T15:39:02 IST" name="tearDown" finished-at="2023-06-21T15:39:03 IST" duration-ms="244" status="PASS">
          <reporter-output>
          </reporter-output>
        </test-method> <!-- tearDown -->
      </class> <!-- testcases.Login -->
      <class name="testcases.Navigation_menu">
        <test-method signature="openNavMenu_Homepage()[pri:3, instance:testcases.Navigation_menu@55183b20]" started-at="2023-06-21T15:38:56 IST" name="openNavMenu_Homepage" finished-at="2023-06-21T15:38:58 IST" duration-ms="2111" status="PASS">
          <reporter-output>
          </reporter-output>
        </test-method> <!-- openNavMenu_Homepage -->
        <test-method is-config="true" signature="tearDown()[pri:0, instance:testcases.Navigation_menu@55183b20]" started-at="2023-06-21T15:39:03 IST" name="tearDown" finished-at="2023-06-21T15:39:03 IST" duration-ms="605" status="PASS">
          <reporter-output>
          </reporter-output>
        </test-method> <!-- tearDown -->
      </class> <!-- testcases.Navigation_menu -->
    </test> <!-- Test -->
  </suite> <!-- Suite -->
</testng-results>
