<?xml version="1.0" encoding="UTF-8"?>
<!-- Generated by org.testng.reporters.JUnitXMLReporter -->
<testsuite ignored="3" hostname="rajasekar" failures="0" tests="4" name="Test" time="19.403" errors="0" timestamp="2023-06-21T15:39:03 IST">
  <testcase classname="testcases.Login" name="openLogionPage" time="3.766"/>
  <testcase classname="testcases.Login" name="login_with_credentials" time="0.497"/>
  <testcase classname="testcases.Navigation_menu" name="openNavMenu_Homepage" time="2.111"/>
  <testcase classname="testcases.Logout" name="logout" time="0.1"/>
  <testcase classname="base.Base" name="@BeforeSuite setUp" time="0.0">
    <ignored/>
  </testcase> <!-- @BeforeSuite setUp -->
  <testcase classname="base.Base" name="@AfterSuite tearDown" time="0.0">
    <ignored/>
  </testcase> <!-- @AfterSuite tearDown -->
  <testcase classname="base.Base" name="@BeforeSuite setUp" time="0.0">
    <ignored/>
  </testcase> <!-- @BeforeSuite setUp -->
</testsuite> <!-- Test -->
